2020-07-24 17:09:34,909 INFO Starting Nacos v1.3.1 on DESKTOP-FE3C4V2 with PID 15052 (E:\nacos-server-1.3.1\nacos\target\nacos-server.jar started by Administrator in E:\nacos-server-1.3.1\nacos\bin)

2020-07-24 17:09:34,932 INFO The following profiles are active: standalone

2020-07-24 17:09:39,655 INFO Bean 'org.springframework.security.config.annotation.configuration.ObjectPostProcessorConfiguration' of type [org.springframework.security.config.annotation.configuration.ObjectPostProcessorConfiguration$$EnhancerBySpringCGLIB$$5dfb6748] is not eligible for getting processed by all BeanPostProcessors (for example: not eligible for auto-proxying)

2020-07-24 17:09:39,816 INFO Bean 'objectPostProcessor' of type [org.springframework.security.config.annotation.configuration.AutowireBeanFactoryObjectPostProcessor] is not eligible for getting processed by all BeanPostProcessors (for example: not eligible for auto-proxying)

2020-07-24 17:09:39,826 INFO Bean 'org.springframework.security.access.expression.method.DefaultMethodSecurityExpressionHandler@727eb8cb' of type [org.springframework.security.access.expression.method.DefaultMethodSecurityExpressionHandler] is not eligible for getting processed by all BeanPostProcessors (for example: not eligible for auto-proxying)

2020-07-24 17:09:39,827 INFO Bean 'org.springframework.security.config.annotation.method.configuration.GlobalMethodSecurityConfiguration' of type [org.springframework.security.config.annotation.method.configuration.GlobalMethodSecurityConfiguration$$EnhancerBySpringCGLIB$$82d009fa] is not eligible for getting processed by all BeanPostProcessors (for example: not eligible for auto-proxying)

2020-07-24 17:09:39,833 INFO Bean 'methodSecurityMetadataSource' of type [org.springframework.security.access.method.DelegatingMethodSecurityMetadataSource] is not eligible for getting processed by all BeanPostProcessors (for example: not eligible for auto-proxying)

2020-07-24 17:09:40,632 INFO Tomcat initialized with port(s): 8848 (http)

2020-07-24 17:09:40,658 INFO Starting service [Tomcat]

2020-07-24 17:09:40,659 INFO Starting Servlet Engine: Apache Tomcat/9.0.13

2020-07-24 17:09:40,675 INFO The APR based Apache Tomcat Native library which allows optimal performance in production environments was not found on the java.library.path: [C:\Program Files\Java\jdk1.8.0_31\bin;C:\Windows\Sun\Java\bin;C:\Windows\system32;C:\Windows;D:\开发工具\shell\;C:\ProgramData\Oracle\Java\javapath;C:\Windows\system32;C:\Windows;C:\Windows\System32\Wbem;C:\Windows\System32\WindowsPowerShell\v1.0\;C:\Windows\System32\OpenSSH\;C:\Program Files\Git\cmd;C:\Program Files\nodejs\;%JAVA+HOME%\bin;C:\Program Files\Java\jdk1.8.0_31\jre\bin;D:\maven\apache-maven-3.3.9\bin;C:\Program Files\TortoiseGit\bin;C:\Users\hhx\AppData\Roaming\npm\node_modules\vue-cli\bin;C:\Program Files\TortoiseSVN\bin;C:\Users\Administrator\AppData\Local\Microsoft\WindowsApps;C:\Users\Administrator\AppData\Local\BypassRuntm;C:\Users\hhx\AppData\Roaming\npm\node_modules\vue-cli\bin;;.]

2020-07-24 17:09:40,814 INFO Initializing Spring embedded WebApplicationContext

2020-07-24 17:09:40,814 INFO Root WebApplicationContext: initialization completed in 5800 ms

2020-07-24 17:09:41,966 WARN HikariPool-1 - idleTimeout has been set but has no effect because the pool is operating as a fixed size pool.

2020-07-24 17:09:41,966 INFO HikariPool-1 - Starting...

2020-07-24 17:09:41,974 WARN Registered driver with driverClassName=org.apache.derby.jdbc.EmbeddedDriver was not found, trying direct instantiation.

2020-07-24 17:09:43,116 INFO HikariPool-1 - Driver does not support get/set network timeout for connections. (Feature not implemented: No details.)

2020-07-24 17:09:43,162 INFO HikariPool-1 - Start completed.

2020-07-24 17:09:46,016 INFO Nacos-related cluster resource initialization

2020-07-24 17:09:46,063 INFO The cluster resource is initialized

2020-07-24 17:09:46,828 INFO Reflections took 68 ms to scan 1 urls, producing 6 keys and 24 values 

2020-07-24 17:09:46,882 INFO Reflections took 7 ms to scan 1 urls, producing 2 keys and 12 values 

2020-07-24 17:09:46,896 INFO Reflections took 6 ms to scan 1 urls, producing 3 keys and 15 values 

2020-07-24 17:09:49,227 INFO Initializing ExecutorService 'applicationTaskExecutor'

2020-07-24 17:09:49,478 INFO Adding welcome page: class path resource [static/index.html]

2020-07-24 17:09:50,078 INFO Creating filter chain: Ant [pattern='/**'], []

2020-07-24 17:09:50,162 INFO Creating filter chain: any request, [org.springframework.security.web.context.request.async.WebAsyncManagerIntegrationFilter@22c86919, org.springframework.security.web.context.SecurityContextPersistenceFilter@64da2a7, org.springframework.security.web.header.HeaderWriterFilter@724f138e, org.springframework.security.web.csrf.CsrfFilter@12cd9150, org.springframework.security.web.authentication.logout.LogoutFilter@21694e53, org.springframework.security.web.savedrequest.RequestCacheAwareFilter@d78795, org.springframework.security.web.servletapi.SecurityContextHolderAwareRequestFilter@3b9d6699, org.springframework.security.web.authentication.AnonymousAuthenticationFilter@70fab835, org.springframework.security.web.session.SessionManagementFilter@32fe9d0a, org.springframework.security.web.access.ExceptionTranslationFilter@f415a95]

2020-07-24 17:09:50,448 INFO Exposing 2 endpoint(s) beneath base path '/actuator'

2020-07-24 17:09:50,480 INFO Initializing ExecutorService 'taskScheduler'

2020-07-24 17:09:50,764 INFO Tomcat started on port(s): 8848 (http) with context path '/nacos'

2020-07-24 17:09:50,771 INFO Started Nacos in 17.299 seconds (JVM running for 18.591)

2020-07-24 17:09:50,771 INFO Nacos Log files: E:\nacos-server-1.3.1\nacos\logs

2020-07-24 17:09:50,775 INFO Nacos Log files: E:\nacos-server-1.3.1\nacos\conf

2020-07-24 17:09:50,778 INFO Nacos Log files: E:\nacos-server-1.3.1\nacos\data

2020-07-24 17:09:50,780 INFO Nacos started successfully in stand alone mode. use embedded storage

2020-07-24 17:09:58,891 INFO Initializing Spring DispatcherServlet 'dispatcherServlet'

2020-07-24 17:09:58,891 INFO Initializing Servlet 'dispatcherServlet'

2020-07-24 17:09:58,901 INFO Completed initialization in 10 ms

2020-07-24 17:19:47,594 INFO [capacityManagement] start correct usage

2020-07-24 17:19:47,669 INFO [capacityManagement] end correct usage, cost: 0s

2020-07-24 17:19:48,246 WARN clearConfigHistory start

2020-07-24 17:29:47,671 INFO [capacityManagement] start correct usage

2020-07-24 17:29:47,672 INFO [capacityManagement] end correct usage, cost: 0s

2020-07-24 17:29:48,284 WARN clearConfigHistory start

2020-07-24 17:39:47,673 INFO [capacityManagement] start correct usage

2020-07-24 17:39:47,673 INFO [capacityManagement] end correct usage, cost: 0s

2020-07-24 17:39:48,286 WARN clearConfigHistory start

2020-07-24 17:49:47,675 INFO [capacityManagement] start correct usage

2020-07-24 17:49:47,675 INFO [capacityManagement] end correct usage, cost: 0s

2020-07-24 17:49:48,287 WARN clearConfigHistory start

2020-07-24 17:59:47,677 INFO [capacityManagement] start correct usage

2020-07-24 17:59:47,677 INFO [capacityManagement] end correct usage, cost: 0s

2020-07-24 17:59:48,288 WARN clearConfigHistory start

